#
# A fatal error has been detected by the Java Runtime Environment:
#
#  EXCEPTION_ACCESS_VIOLATION (0xc0000005) at pc=0x000000001918186a, pid=4744, tid=1012
#
# JRE version: 6.0_17-b04
# Java VM: Java HotSpot(TM) 64-Bit Server VM (14.3-b01 mixed mode windows-amd64 )
# Problematic frame:
# C  0x000000001918186a
#
# If you would like to submit a bug report, please visit:
#   http://java.sun.com/webapps/bugreport/crash.jsp
# The crash happened outside the Java Virtual Machine in native code.
# See problematic frame for where to report the bug.
#

---------------  T H R E A D  ---------------

Current thread (0x000000000f718800):  JavaThread "Main message loop" daemon [_thread_in_native, id=1012, stack(0x000000001a1f0000,0x000000001a270000)]

siginfo: ExceptionCode=0xc0000005, reading address 0x0000000000000000

Registers:
EAX=0x000000002994f268, EBX=0x000000000912d4b0, ECX=0x0000000000000000, EDX=0x000000002996ab10
ESP=0x000000001a25e1a0, EBP=0x0000000080040104, ESI=0x000000001a265fa8, EDI=0x000000002996ab48
EIP=0x000000001918186a, EFLAGS=0x0000000000010297

Top of Stack: (sp=0x000000001a25e1a0)
0x000000001a25e1a0:   000000000912d4b0 0000000080040104
0x000000001a25e1b0:   000000000912d4b0 000000002996ab48
0x000000001a25e1c0:   0000000000000030 0000000078a4507a
0x000000001a25e1d0:   00000dd100760016 0000000000000000
0x000000001a25e1e0:   000000001a2661f8 0000000000000001
0x000000001a25e1f0:   000000005f2a0e68 000000000f7189b8
0x000000001a25e200:   000000005f68ebf0 000000001a25e318
0x000000001a25e210:   000000000f718800 0000000078a7aa76
0x000000001a25e220:   000000002a04f448 0000000078a8897e
0x000000001a25e230:   000000000f718800 000000000f7189b8
0x000000001a25e240:   000000005f68ebf0 000000001a25e290
0x000000001a25e250:   000000000f718800 000007fef19ad6f0
0x000000001a25e260:   0000000000000000 000000001a2661f8
0x000000001a25e270:   0000000000000001 000000006cc64c60
0x000000001a25e280:   000000002996b408 0000000000000000
0x000000001a25e290:   000000001a266130 0000000076c9300a 

Instructions: (pc=0x000000001918186a)
0x000000001918185a:   83 c0 08 83 38 02 7f 0d 48 8b 8c 24 90 7d 00 00
0x000000001918186a:   48 8b 01 eb 66 83 38 03 75 0e 48 8b 8c 24 90 7d 


Stack: [0x000000001a1f0000,0x000000001a270000],  sp=0x000000001a25e1a0,  free space=440k
Native frames: (J=compiled Java code, j=interpreted, Vv=VM code, C=native code)
C  0x000000001918186a

Java frames: (J=compiled Java code, j=interpreted, Vv=VM code)
j  com.jniwrapper.Function.invokeCFunc(JJB[BII[II)I+0
J  com.jniwrapper.FunctionCall.a(ZJJJIBLcom/jniwrapper/Parameter;[Lcom/jniwrapper/Parameter;)J
j  com.jniwrapper.FunctionCall.call(JJBLcom/jniwrapper/Parameter;[Lcom/jniwrapper/Parameter;)J+11
j  com.jniwrapper.Function.invoke(Lcom/jniwrapper/Parameter;[Lcom/jniwrapper/Parameter;)J+24
j  com.jniwrapper.Function.invoke(Lcom/jniwrapper/Parameter;Lcom/jniwrapper/Parameter;)J+10
j  com.jniwrapper.win32.MessageLoopThread$LoopThread.run()V+299
v  ~StubRoutines::call_stub

---------------  P R O C E S S  ---------------

Java Threads: ( => current thread )
=>0x000000000f718800 JavaThread "Main message loop" daemon [_thread_in_native, id=1012, stack(0x000000001a1f0000,0x000000001a270000)]
  0x00000000090b6800 JavaThread "Timer-248" daemon [_thread_blocked, id=5112, stack(0x0000000029a40000,0x0000000029ac0000)]
  0x00000000090b7000 JavaThread "Main message loop" daemon [_thread_in_native, id=6608, stack(0x0000000019cc0000,0x0000000019d40000)]
  0x00000000090b0800 JavaThread "com.jniwrapper.NativeResourceCollector" daemon [_thread_blocked, id=7560, stack(0x000000001d040000,0x000000001d0c0000)]
  0x00000000090ba000 JavaThread "pool-5-thread-1" [_thread_blocked, id=6416, stack(0x0000000029860000,0x00000000298e0000)]
  0x00000000090b9800 JavaThread "Code Analyzer updating thread" [_thread_blocked, id=2948, stack(0x0000000019430000,0x00000000194b0000)]
  0x00000000090bb000 JavaThread "Prefs Updater" daemon [_thread_blocked, id=6096, stack(0x00000000193b0000,0x0000000019430000)]
  0x00000000090b8000 JavaThread "Swing-Shell" daemon [_thread_blocked, id=5888, stack(0x0000000029ac0000,0x0000000029b40000)]
  0x00000000090b5800 JavaThread "Code Analyzer updating thread" [_thread_blocked, id=6264, stack(0x00000000656a0000,0x0000000065720000)]
  0x00000000090b5000 JavaThread "Code Analyzer updating thread" [_thread_blocked, id=2600, stack(0x00000000655f0000,0x0000000065670000)]
  0x00000000090b4800 JavaThread "Code Analyzer updating thread" [_thread_blocked, id=4752, stack(0x00000000654c0000,0x0000000065540000)]
  0x00000000090b2000 JavaThread "Active Reference Queue Daemon" daemon [_thread_blocked, id=4376, stack(0x00000000653f0000,0x0000000065470000)]
  0x00000000090b3800 JavaThread "Timer-7" daemon [_thread_blocked, id=7016, stack(0x00000000295e0000,0x0000000029660000)]
  0x00000000090b3000 JavaThread "Timer-6" daemon [_thread_blocked, id=7504, stack(0x0000000060b10000,0x0000000060b90000)]
  0x00000000090b1800 JavaThread "Explorer NavigationContext request queue" [_thread_blocked, id=1164, stack(0x0000000065300000,0x0000000065380000)]
  0x00000000090b0000 JavaThread "AddressBar directory emptiness poller" [_thread_blocked, id=5528, stack(0x0000000060a70000,0x0000000060af0000)]
  0x00000000090af000 JavaThread "Explorer Refresh Service 1817960366" [_thread_blocked, id=5692, stack(0x00000000605b0000,0x0000000060630000)]
  0x000000000f71a800 JavaThread "Timer-1" daemon [_thread_blocked, id=7964, stack(0x0000000060680000,0x0000000060700000)]
  0x000000000f717000 JavaThread "TimerQueue" daemon [_thread_blocked, id=5804, stack(0x0000000058e50000,0x0000000058ed0000)]
  0x000000000f714000 JavaThread "Thread-5" daemon [_thread_blocked, id=5360, stack(0x0000000029560000,0x00000000295e0000)]
  0x000000000f716000 JavaThread "FelixPackageAdmin" daemon [_thread_blocked, id=5708, stack(0x0000000021290000,0x0000000021310000)]
  0x000000000f715800 JavaThread "FelixStartLevel" daemon [_thread_blocked, id=7796, stack(0x0000000048b30000,0x0000000048bb0000)]
  0x000000000f714800 JavaThread "FelixDispatchQueue" daemon [_thread_blocked, id=8124, stack(0x0000000050c10000,0x0000000050c90000)]
  0x000000000f713000 JavaThread "AWT-EventQueue-0" [_thread_blocked, id=1540, stack(0x000000001d130000,0x000000001d1b0000)]
  0x000000000f712800 JavaThread "com.google.common.base.internal.Finalizer" daemon [_thread_blocked, id=5444, stack(0x0000000025490000,0x0000000025510000)]
  0x000000000f711000 JavaThread "AWT-Windows" daemon [_thread_in_native, id=5152, stack(0x000000001d1e0000,0x000000001d260000)]
  0x000000000f710800 JavaThread "AWT-Shutdown" [_thread_blocked, id=6036, stack(0x0000000019060000,0x00000000190e0000)]
  0x000000000f70f800 JavaThread "Java2D Disposer" daemon [_thread_blocked, id=1288, stack(0x000000000ff60000,0x000000000ffe0000)]
  0x000000000f70f000 JavaThread "Timer-0" [_thread_blocked, id=5732, stack(0x0000000010ec0000,0x0000000010f40000)]
  0x000000000f70e000 JavaThread "EventMgr Dispatcher" daemon [_thread_in_native, id=1844, stack(0x00000000099d0000,0x000000000d9d0000)]
  0x000000000f70c800 JavaThread "Low Memory Detector" daemon [_thread_blocked, id=3240, stack(0x000000000f8f0000,0x000000000f970000)]
  0x000000000f71f800 JavaThread "CompilerThread1" daemon [_thread_blocked, id=1132, stack(0x0000000090490000,0x0000000094490000)]
  0x000000000f71c000 JavaThread "CompilerThread0" daemon [_thread_blocked, id=7628, stack(0x000000008c330000,0x0000000090330000)]
  0x000000000f70c000 JavaThread "Attach Listener" daemon [_thread_blocked, id=6804, stack(0x000000000f990000,0x000000000fa10000)]
  0x000000000f6b3000 JavaThread "Finalizer" daemon [_thread_blocked, id=2596, stack(0x000000000f480000,0x000000000f500000)]
  0x000000000f6a9000 JavaThread "Reference Handler" daemon [_thread_blocked, id=7724, stack(0x000000000f820000,0x000000000f8a0000)]
  0x0000000005cb1800 JavaThread "main" [_thread_in_native, id=6388, stack(0x0000000000080000,0x0000000004080000)]

Other Threads:
  0x000000000f6a4000 VMThread [stack: 0x00000000882f0000,0x000000008c2f0000] [id=7196]
  0x000000000f74b800 WatcherThread [stack: 0x0000000094580000,0x0000000098580000] [id=7036]

VM state:not at safepoint (normal execution)

VM Mutex/Monitor currently owned by a thread: None

Heap
 PSYoungGen      total 32832K, used 7080K [0x00000000419e0000, 0x00000000442c0000, 0x0000000044ae0000)
  eden space 24448K, 21% used [0x00000000419e0000,0x0000000041f1a070,0x00000000431c0000)
  from space 8384K, 20% used [0x0000000043a00000,0x0000000043bb0018,0x0000000044230000)
  to   space 8448K, 0% used [0x00000000431c0000,0x00000000431c0000,0x0000000043a00000)
 PSOldGen        total 101376K, used 63968K [0x00000000386e0000, 0x000000003e9e0000, 0x00000000419e0000)
  object space 101376K, 63% used [0x00000000386e0000,0x000000003c5581d0,0x000000003e9e0000)
 PSPermGen       total 100416K, used 76514K [0x00000000306e0000, 0x00000000368f0000, 0x00000000386e0000)
  object space 100416K, 76% used [0x00000000306e0000,0x0000000035198ab0,0x00000000368f0000)

Dynamic libraries:
0x000000013f640000 - 0x000000013f66d000 	C:\Program Files\MATLAB\R2012b\bin\win64\MATLAB.exe
0x0000000076e90000 - 0x0000000077039000 	C:\Windows\SYSTEM32\ntdll.dll
0x0000000076c70000 - 0x0000000076d8f000 	C:\Windows\system32\kernel32.dll
0x000007fefcf80000 - 0x000007fefcfeb000 	C:\Windows\system32\KERNELBASE.dll
0x0000000074460000 - 0x000000007451f000 	C:\Program Files\MATLAB\R2012b\bin\win64\libut.dll
0x00000000758a0000 - 0x000000007595c000 	C:\Program Files\MATLAB\R2012b\bin\win64\libmwi18n.dll
0x0000000180000000 - 0x000000018000b000 	C:\Program Files\MATLAB\R2012b\bin\win64\libmwresource_core.dll
0x000000006a890000 - 0x000000006a963000 	C:\Windows\WinSxS\amd64_microsoft.vc90.crt_1fc8b3b9a1e18e3b_9.0.30729.6161_none_08e61857a83bc251\MSVCP90.dll
0x0000000073210000 - 0x00000000732b3000 	C:\Windows\WinSxS\amd64_microsoft.vc90.crt_1fc8b3b9a1e18e3b_9.0.30729.6161_none_08e61857a83bc251\MSVCR90.dll
0x000000007a170000 - 0x000000007a19c000 	C:\Program Files\MATLAB\R2012b\bin\win64\boost_filesystem-vc90-mt-1_44.dll
0x000000007a560000 - 0x000000007a569000 	C:\Program Files\MATLAB\R2012b\bin\win64\boost_system-vc90-mt-1_44.dll
0x000007fefec00000 - 0x000007fefecdb000 	C:\Windows\system32\ADVAPI32.dll
0x000007fefedf0000 - 0x000007fefee8f000 	C:\Windows\system32\msvcrt.dll
0x000007fefebe0000 - 0x000007fefebff000 	C:\Windows\SYSTEM32\sechost.dll
0x000007fefefa0000 - 0x000007feff0cd000 	C:\Windows\system32\RPCRT4.dll
0x000000007a010000 - 0x000000007a035000 	C:\Program Files\MATLAB\R2012b\bin\win64\LIBEXPAT.dll
0x000000006aa50000 - 0x000000006ac41000 	C:\Program Files\MATLAB\R2012b\bin\win64\icuin44.dll
0x000000006ae90000 - 0x000000006b001000 	C:\Program Files\MATLAB\R2012b\bin\win64\icuuc44.dll
0x0000000010000000 - 0x0000000010e41000 	C:\Program Files\MATLAB\R2012b\bin\win64\icudt44.dll
0x0000000073f70000 - 0x000000007411d000 	C:\Program Files\MATLAB\R2012b\bin\win64\libmwfl.dll
0x0000000004330000 - 0x00000000046e6000 	C:\Program Files\MATLAB\R2012b\bin\win64\libmwMATLAB_res.dll
0x000000007a3b0000 - 0x000000007a3c0000 	C:\Program Files\MATLAB\R2012b\bin\win64\boost_date_time-vc90-mt-1_44.dll
0x000000007a250000 - 0x000000007a263000 	C:\Program Files\MATLAB\R2012b\bin\win64\boost_signals-vc90-mt-1_44.dll
0x000000007a2d0000 - 0x000000007a2e2000 	C:\Program Files\MATLAB\R2012b\bin\win64\boost_thread-vc90-mt-1_44.dll
0x00000000046f0000 - 0x00000000047ad000 	C:\Program Files\MATLAB\R2012b\bin\win64\boost_log-vc90-mt-1_44.dll
0x0000000077050000 - 0x0000000077057000 	C:\Windows\system32\PSAPI.DLL
0x000007fefd500000 - 0x000007fefd54d000 	C:\Windows\system32\WS2_32.dll
0x000007fefd0b0000 - 0x000007fefd0b8000 	C:\Windows\system32\NSI.dll
0x00000000041b0000 - 0x00000000041f6000 	C:\Program Files\MATLAB\R2012b\bin\win64\tbb.dll
0x000007fefd090000 - 0x000007fefd0a9000 	C:\Windows\system32\imagehlp.dll
0x000000006eac0000 - 0x000000006ead3000 	C:\Program Files\MATLAB\R2012b\bin\win64\icuio44.dll
0x000007fef8750000 - 0x000007fef8875000 	C:\Windows\system32\dbghelp.dll
0x0000000076d90000 - 0x0000000076e8a000 	C:\Windows\system32\USER32.dll
0x000007fefeb70000 - 0x000007fefebd7000 	C:\Windows\system32\GDI32.dll
0x000007fefd2f0000 - 0x000007fefd2fe000 	C:\Windows\system32\LPK.dll
0x000007feff0d0000 - 0x000007feff199000 	C:\Windows\system32\USP10.dll
0x00000000047b0000 - 0x0000000004a8c000 	C:\Program Files\MATLAB\R2012b\bin\win64\libmwservices.dll
0x0000000075a20000 - 0x0000000075af3000 	C:\Program Files\MATLAB\R2012b\bin\win64\libmx.dll
0x0000000004aa0000 - 0x0000000004ac9000 	C:\Program Files\MATLAB\R2012b\bin\win64\tbbmalloc.dll
0x000000007a210000 - 0x000000007a228000 	C:\Program Files\MATLAB\R2012b\bin\win64\zlib1.dll
0x0000000004af0000 - 0x0000000004b3d000 	C:\Program Files\MATLAB\R2012b\bin\win64\libmwregexp.dll
0x0000000004b50000 - 0x0000000004b73000 	C:\Program Files\MATLAB\R2012b\bin\win64\libmwmfl_scalar.dll
0x0000000075f10000 - 0x0000000075f60000 	C:\Program Files\MATLAB\R2012b\bin\win64\mpath.dll
0x000000007b680000 - 0x000000007bc9a000 	C:\Program Files\MATLAB\R2012b\bin\win64\mlutil.dll
0x00000000754d0000 - 0x0000000075551000 	C:\Program Files\MATLAB\R2012b\bin\win64\xmlcore.dll
0x0000000004bc0000 - 0x0000000004e13000 	C:\Program Files\MATLAB\R2012b\bin\win64\xerces-c_2_7.dll
0x0000000004e30000 - 0x0000000004e50000 	C:\Program Files\MATLAB\R2012b\bin\win64\libmwMATLAB_settings_res.dll
0x0000000004e60000 - 0x0000000004e70000 	C:\Program Files\MATLAB\R2012b\bin\win64\boost_iostreams-vc90-mt-1_44.dll
0x0000000004e80000 - 0x0000000004ec7000 	C:\Program Files\MATLAB\R2012b\bin\win64\boost_serialization-vc90-mt-1_44.dll
0x000007fefd7d0000 - 0x000007fefe558000 	C:\Windows\system32\SHELL32.dll
0x000007fefece0000 - 0x000007fefed51000 	C:\Windows\system32\SHLWAPI.dll
0x000007fef7310000 - 0x000007fef73b0000 	C:\Windows\WinSxS\amd64_microsoft.windows.common-controls_6595b64144ccf1df_5.82.7601.17514_none_a4d6a923711520a9\COMCTL32.dll
0x000007fefd550000 - 0x000007fefd5e7000 	C:\Windows\system32\COMDLG32.dll
0x000007fefa6b0000 - 0x000007fefa6c6000 	C:\Windows\system32\NETAPI32.dll
0x000007fefc160000 - 0x000007fefc16c000 	C:\Windows\system32\netutils.dll
0x000007fefc890000 - 0x000007fefc8b3000 	C:\Windows\system32\srvcli.dll
0x000007fefa690000 - 0x000007fefa6a5000 	C:\Windows\system32\wkscli.dll
0x000007fefe960000 - 0x000007fefeb63000 	C:\Windows\system32\ole32.dll
0x000007fefe880000 - 0x000007fefe957000 	C:\Windows\system32\OLEAUT32.dll
0x0000000074970000 - 0x0000000074a31000 	C:\Program Files\MATLAB\R2012b\bin\win64\mcr.dll
0x0000000075000000 - 0x00000000753e9000 	C:\Program Files\MATLAB\R2012b\bin\win64\iqm.dll
0x0000000074e80000 - 0x0000000074f38000 	C:\Program Files\MATLAB\R2012b\bin\win64\m_dispatcher.dll
0x0000000074880000 - 0x000000007496d000 	C:\Program Files\MATLAB\R2012b\bin\win64\boost_regex-vc90-mt-1_44.dll
0x000007fee9ab0000 - 0x000007feea321000 	C:\Program Files\MATLAB\R2012b\bin\win64\m_interpreter.dll
0x000000006ea90000 - 0x000000006eab7000 	C:\Program Files\MATLAB\R2012b\bin\win64\libmex.dll
0x000000006b160000 - 0x000000006b1e4000 	C:\Program Files\MATLAB\R2012b\bin\win64\profiler.dll
0x0000000004f50000 - 0x00000000051ba000 	C:\Program Files\MATLAB\R2012b\bin\win64\libmwmathutil.dll
0x0000000079f40000 - 0x0000000079f6e000 	C:\Program Files\MATLAB\R2012b\bin\win64\libmwmathrng.dll
0x00000000051e0000 - 0x00000000051f2000 	C:\Program Files\MATLAB\R2012b\bin\win64\libmwmfl_rng.dll
0x0000000074c10000 - 0x0000000074cee000 	C:\Program Files\MATLAB\R2012b\bin\win64\libmwmathcore.dll
0x0000000076160000 - 0x00000000761ca000 	C:\Program Files\MATLAB\R2012b\bin\win64\libmwspmatrix.dll
0x0000000075ea0000 - 0x0000000075f02000 	C:\Program Files\MATLAB\R2012b\bin\win64\libmwcholmod.dll
0x000000007a460000 - 0x000000007a46d000 	C:\Program Files\MATLAB\R2012b\bin\win64\libmwamd.dll
0x000000007a4b0000 - 0x000000007a4bc000 	C:\Program Files\MATLAB\R2012b\bin\win64\libmwcolamd.dll
0x000000007a290000 - 0x000000007a2a9000 	C:\Program Files\MATLAB\R2012b\bin\win64\libmwblas.dll
0x000000007a310000 - 0x000000007a321000 	C:\Program Files\MATLAB\R2012b\bin\win64\libmwbinder.dll
0x000000007a4d0000 - 0x000000007a4dc000 	C:\Program Files\MATLAB\R2012b\bin\win64\libmwompwrapper.dll
0x0000000005290000 - 0x0000000005315000 	C:\Program Files\MATLAB\R2012b\bin\win64\libmwlapack.dll
0x000000006ea50000 - 0x000000006ea71000 	C:\Program Files\MATLAB\R2012b\bin\win64\m_pcodeio.dll
0x0000000079b10000 - 0x0000000079b77000 	C:\Program Files\MATLAB\R2012b\bin\win64\m_ir.dll
0x0000000061790000 - 0x0000000061e00000 	C:\Program Files\MATLAB\R2012b\bin\win64\m_parser.dll
0x000000006eb80000 - 0x000000006eb9a000 	C:\Program Files\MATLAB\R2012b\bin\win64\ir_xfmr.dll
0x000007feea910000 - 0x000007feeaba6000 	C:\Program Files\MATLAB\R2012b\bin\win64\mcos.dll
0x000000006ea30000 - 0x000000006ea41000 	C:\Program Files\MATLAB\R2012b\bin\win64\mtok.dll
0x000000006e9f0000 - 0x000000006ea21000 	C:\Program Files\MATLAB\R2012b\bin\win64\m_pcodegen.dll
0x0000000079fb0000 - 0x0000000079fe6000 	C:\Program Files\MATLAB\R2012b\bin\win64\libmwbridge.dll
0x000000006b090000 - 0x000000006b158000 	C:\Program Files\MATLAB\R2012b\bin\win64\udd.dll
0x000000006ad30000 - 0x000000006ae82000 	C:\Program Files\MATLAB\R2012b\bin\win64\libmwgui.dll
0x000000006b280000 - 0x000000006b297000 	C:\Program Files\MATLAB\R2012b\bin\win64\graphics_util.dll
0x0000000060d30000 - 0x000000006178f000 	C:\Program Files\MATLAB\R2012b\bin\win64\hg.dll
0x00000000053f0000 - 0x0000000005458000 	C:\Program Files\MATLAB\R2012b\bin\win64\libmat.dll
0x0000000072d30000 - 0x0000000072f44000 	C:\Program Files\MATLAB\R2012b\bin\win64\hdf5dll.dll
0x0000000075710000 - 0x00000000757de000 	C:\Program Files\MATLAB\R2012b\bin\win64\jmi.dll
0x0000000005490000 - 0x000000000549d000 	C:\Program Files\MATLAB\R2012b\bin\win64\nativejava_services.dll
0x000000006b040000 - 0x000000006b086000 	C:\Program Files\MATLAB\R2012b\bin\win64\libmwhardcopy.dll
0x000000006acc0000 - 0x000000006ad23000 	C:\Program Files\MATLAB\R2012b\bin\win64\libuij.dll
0x0000000065e80000 - 0x00000000660e4000 	C:\Program Files\MATLAB\R2012b\bin\win64\hgdatatypes.dll
0x000000006a3f0000 - 0x000000006a50f000 	C:\Program Files\MATLAB\R2012b\bin\win64\hgutils.dll
0x000000006a570000 - 0x000000006a630000 	C:\Program Files\MATLAB\R2012b\bin\win64\udd_mi.dll
0x0000000005500000 - 0x000000000553b000 	C:\Program Files\MATLAB\R2012b\bin\win64\libmwgbtutils.dll
0x0000000005550000 - 0x000000000556b000 	C:\Program Files\MATLAB\R2012b\bin\win64\libmwgbt.dll
0x0000000005580000 - 0x0000000005851000 	C:\Program Files\MATLAB\R2012b\bin\win64\uiw.dll
0x000000006e970000 - 0x000000006e97f000 	C:\Program Files\MATLAB\R2012b\bin\win64\uinone.dll
0x0000000005880000 - 0x00000000058a9000 	C:\Program Files\MATLAB\R2012b\bin\win64\libmwnativefiledialogs.dll
0x00000000058c0000 - 0x00000000058c8000 	C:\Program Files\MATLAB\R2012b\bin\win64\libmwplatform_res.dll
0x000007fefb5a0000 - 0x000007fefb5b8000 	C:\Windows\system32\MPR.dll
0x0000000063dc0000 - 0x00000000642a4000 	C:\Windows\WinSxS\amd64_microsoft.vc90.mfc_1fc8b3b9a1e18e3b_9.0.30729.6161_none_044aad0bab1eb146\mfc90.dll
0x000007fefab20000 - 0x000007fefab27000 	C:\Windows\system32\MSIMG32.dll
0x000007fef88f0000 - 0x000007fef8961000 	C:\Windows\system32\WINSPOOL.DRV
0x000000006b250000 - 0x000000006b272000 	C:\Program Files\MATLAB\R2012b\bin\win64\mwoles05.DLL
0x000000006a040000 - 0x000000006a0bd000 	C:\Program Files\MATLAB\R2012b\bin\win64\comcli.dll
0x0000000071cc0000 - 0x0000000071cef000 	C:\Windows\WinSxS\amd64_microsoft.vc90.atl_1fc8b3b9a1e18e3b_9.0.30729.6161_none_0a1fd3a3a768b895\ATL90.DLL
0x000000006e9e0000 - 0x000000006e9ec000 	C:\Program Files\MATLAB\R2012b\bin\win64\mlautoregister.dll
0x000007fefcb40000 - 0x000007fefcb97000 	C:\Windows\system32\apphelp.dll
0x000007fef3e40000 - 0x000007fef3e91000 	C:\Windows\AppPatch\AppPatch64\AcGenral.DLL
0x000007fefcb00000 - 0x000007fefcb25000 	C:\Windows\system32\SspiCli.dll
0x0000000072b40000 - 0x0000000072b43000 	C:\Windows\system32\sfc.dll
0x000007fef8ab0000 - 0x000007fef8ac0000 	C:\Windows\system32\sfc_os.DLL
0x000007fefbfa0000 - 0x000007fefbfbe000 	C:\Windows\system32\USERENV.dll
0x000007fefcc60000 - 0x000007fefcc6f000 	C:\Windows\system32\profapi.dll
0x000007fefa9a0000 - 0x000007fefa9b8000 	C:\Windows\system32\dwmapi.dll
0x000007fefedc0000 - 0x000007fefedee000 	C:\Windows\system32\IMM32.DLL
0x000007fefee90000 - 0x000007fefef99000 	C:\Windows\system32\MSCTF.dll
0x0000000074a70000 - 0x0000000074aa8000 	C:\PROGRA~2\Sophos\SOPHOS~1\SOPHOS~2.DLL
0x000007fefae10000 - 0x000007fefae66000 	C:\Windows\system32\UxTheme.dll
0x000000006c5b0000 - 0x000000006c5bd000 	C:\Windows\WinSxS\amd64_microsoft.vc90.mfcloc_1fc8b3b9a1e18e3b_9.0.30729.6161_none_01c9581e60cbee58\MFC90ENU.DLL
0x0000000078870000 - 0x0000000078ecd000 	C:\Program Files\MATLAB\R2012b\sys\java\jre\win64\jre\bin\server\jvm.dll
0x000007fefa330000 - 0x000007fefa36b000 	C:\Windows\system32\WINMM.dll

VM Arguments:
jvm_args: -Xss512k -XX:PermSize=32m -Xms64m -XX:NewRatio=3 -XX:MaxPermSize=128m -Xmx196m -XX:MaxDirectMemorySize=2147400000 -Dsun.java2d.noddraw=true -Dsun.awt.nopixfmt=true -Xshare:off -Xrs -Dsun.awt.disableMixing=true -Djava.library.path=C:\Program Files\MATLAB\R2012b\bin\win64;C:\Program Files\MATLAB\R2012b\sys\jxbrowser\win64\lib vfprintf abort 
java_command: <unknown>
Launcher Type: generic

Environment Variables:
PATH=C:\Program Files (x86)\NVIDIA Corporation\PhysX\Common;C:\Windows\system32;C:\Windows;C:\Windows\System32\Wbem;C:\Windows\System32\WindowsPowerShell\v1.0\;C:\Program Files\MATLAB\R2012b_tmp\runtime\win64;C:\Program Files\MATLAB\R2012b_tmp\bin;C:\Program Files\MATLAB\R2012b\runtime\win64;C:\Program Files\MATLAB\R2012b\bin;C:\Program Files\Microsoft Windows Performance Toolkit\
USERNAME=sheinidm
OS=Windows_NT
PROCESSOR_IDENTIFIER=Intel64 Family 6 Model 58 Stepping 9, GenuineIntel



---------------  S Y S T E M  ---------------

OS: Windows 7 Build 7601 Service Pack 1

CPU:total 8 (8 cores per cpu, 2 threads per core) family 6 model 58 stepping 9, cmov, cx8, fxsr, mmx, sse, sse2, sse3, ssse3, sse4.1, sse4.2, ht

Memory: 4k page, physical 16717308k(12316204k free), swap 33432760k(29226416k free)

vm_info: Java HotSpot(TM) 64-Bit Server VM (14.3-b01) for windows-amd64 JRE (1.6.0_17-b04), built on Oct 11 2009 00:46:08 by "java_re" with MS VC++ 8.0

time: Tue Apr 09 11:37:31 2013
elapsed time: 1408 seconds

